<?xml version="1.0" encoding="UTF-8"?>
<testng-results ignored="0" total="1" passed="1" failed="0" skipped="0">
  <reporter-output>
  </reporter-output>
  <suite started-at="2026-01-18T12:48:53 IST" name="Default suite" finished-at="2026-01-18T12:49:27 IST" duration-ms="33605">
    <groups>
    </groups>
    <test started-at="2026-01-18T12:48:53 IST" name="Default test" finished-at="2026-01-18T12:49:27 IST" duration-ms="33605">
      <class name="BaseClass.Admin_OrangeHRM_Assignment">
        <test-method signature="main()[pri:0, instance:BaseClass.Admin_OrangeHRM_Assignment@4802796d]" started-at="2026-01-18T12:48:53 IST" name="main" finished-at="2026-01-18T12:49:27 IST" duration-ms="33573" status="PASS">
          <reporter-output>
          </reporter-output>
        </test-method> <!-- main -->
      </class> <!-- BaseClass.Admin_OrangeHRM_Assignment -->
    </test> <!-- Default test -->
  </suite> <!-- Default suite -->
</testng-results>
