<?xml version="1.0" encoding="UTF-8"?>
<!-- Generated by org.testng.reporters.JUnitReportReporter -->
<testsuite hostname="PAWAN" failures="0" tests="3" name="SystemTesting.Login" time="12.560" errors="0" timestamp="2025-12-31T00:40:09 IST" skipped="0">
  <testcase classname="SystemTesting.Login" name="tc_001" time="6.298"/>
  <testcase classname="SystemTesting.Login" name="tc_003" time="3.113"/>
  <testcase classname="SystemTesting.Login" name="tc_002" time="3.149"/>
</testsuite> <!-- SystemTesting.Login -->
