<?xml version="1.0" encoding="UTF-8"?>
<!-- Generated by org.testng.reporters.JUnitReportReporter -->
<testsuite hostname="PAWAN" failures="0" tests="3" name="Basic.TestAnnotation" time="0.011" errors="0" timestamp="2025-12-29T00:47:11 IST" skipped="0">
  <testcase classname="Basic.TestAnnotation" name="main3" time="0.001"/>
  <testcase classname="Basic.TestAnnotation" name="main1" time="0.009"/>
  <testcase classname="Basic.TestAnnotation" name="main2" time="0.001"/>
</testsuite> <!-- Basic.TestAnnotation -->
